{
  "RSpec": {
    "coverage": {
      "/Users/air/dev/projects/api_restorant/spec/support/factory_girl.rb": [
        1,
        1,
        null,
        1,
        1,
        null,
        null
      ],
      "/Users/air/dev/projects/api_restorant/app/controllers/api_controller.rb": [
        1,
        null,
        1,
        1,
        null,
        1,
        1,
        1,
        1,
        1,
        1,
        null,
        1,
        null,
        1,
        1,
        1,
        null,
        1,
        1,
        null,
        1,
        1,
        1,
        1,
        null,
        null,
        null
      ],
      "/Users/air/dev/projects/api_restorant/app/models/restorant.rb": [
        1,
        1,
        null,
        1,
        1,
        1,
        1,
        1,
        null,
        1,
        1,
        null,
        151,
        null,
        1,
        36,
        null,
        null
      ],
      "/Users/air/dev/projects/api_restorant/app/models/atmosfere.rb": [
        1,
        1,
        null
      ],
      "/Users/air/dev/projects/api_restorant/app/models/order.rb": [
        1,
        1,
        null,
        1,
        1,
        1,
        3,
        null
      ],
      "/Users/air/dev/projects/api_restorant/app/controllers/restorants_controller.rb": [
        1,
        1,
        1,
        null,
        1,
        4,
        4,
        2,
        null,
        null,
        1,
        4,
        4,
        2,
        null,
        null,
        1,
        null,
        1,
        8,
        26,
        4,
        null,
        null,
        null,
        1,
        4,
        4,
        null,
        null,
        1,
        4,
        null,
        null,
        1,
        4,
        null,
        null
      ],
      "/Users/air/dev/projects/api_restorant/spec/controllers/restorants_controller_spec.rb": [
        1,
        null,
        1,
        null,
        1,
        3,
        null,
        1,
        1,
        null,
        null,
        1,
        1,
        1,
        1,
        1,
        null,
        null,
        null,
        1,
        3,
        null,
        1,
        1,
        null,
        null,
        1,
        1,
        1,
        1,
        1,
        null,
        null,
        null,
        1,
        3,
        null,
        1,
        1,
        null,
        null,
        1,
        1,
        1,
        1,
        1,
        null,
        null,
        null,
        1,
        3,
        null,
        1,
        1,
        null,
        null,
        1,
        1,
        1,
        1,
        21,
        null,
        null,
        null,
        null
      ],
      "/Users/air/dev/projects/api_restorant/spec/models/atmosfere_spec.rb": [
        1,
        null,
        1,
        1,
        2,
        2,
        null,
        1,
        1,
        null,
        null,
        1,
        1,
        null,
        null,
        null
      ],
      "/Users/air/dev/projects/api_restorant/spec/models/order_spec.rb": [
        1,
        null,
        1,
        1,
        3,
        2,
        null,
        1,
        1,
        null,
        null,
        1,
        1,
        null,
        null,
        1,
        1,
        1,
        null,
        null,
        null
      ],
      "/Users/air/dev/projects/api_restorant/spec/models/restorant_spec.rb": [
        1,
        null,
        1,
        1,
        3,
        2,
        2,
        null,
        1,
        1,
        null,
        null,
        1,
        1,
        1,
        null,
        null,
        1,
        1,
        null,
        null,
        null
      ],
      "/Users/air/dev/projects/api_restorant/spec/factories/atmosfere_factories.rb": [
        1,
        1,
        1,
        null,
        1,
        1,
        null,
        null,
        null
      ],
      "/Users/air/dev/projects/api_restorant/spec/factories/order_factories.rb": [
        1,
        1,
        4,
        3,
        4,
        4,
        1,
        null,
        1,
        1,
        1,
        null,
        null,
        null
      ],
      "/Users/air/dev/projects/api_restorant/spec/factories/restorant_factories.rb": [
        1,
        1,
        6,
        7,
        7,
        7,
        7,
        7,
        7,
        44,
        7,
        7,
        23,
        null,
        1,
        1,
        null,
        null,
        null
      ]
    },
    "timestamp": 1459680229
  }
}
